Determining if the pthread_create exist failed with the following output:
Change Dir: /home/mostafa/taherAhmadi/IranOpen2017/build/CMakeFiles/CMakeTmp

Run Build Command:/usr/bin/make "cmTryCompileExec1127347594/fast"
/usr/bin/make -f CMakeFiles/cmTryCompileExec1127347594.dir/build.make CMakeFiles/cmTryCompileExec1127347594.dir/build
make[1]: Entering directory `/home/mostafa/taherAhmadi/IranOpen2017/build/CMakeFiles/CMakeTmp'
/usr/bin/cmake -E cmake_progress_report /home/mostafa/taherAhmadi/IranOpen2017/build/CMakeFiles/CMakeTmp/CMakeFiles 1
Building C object CMakeFiles/cmTryCompileExec1127347594.dir/CheckSymbolExists.c.o
/usr/bin/cc    -o CMakeFiles/cmTryCompileExec1127347594.dir/CheckSymbolExists.c.o   -c /home/mostafa/taherAhmadi/IranOpen2017/build/CMakeFiles/CMakeTmp/CheckSymbolExists.c
Linking C executable cmTryCompileExec1127347594
/usr/bin/cmake -E cmake_link_script CMakeFiles/cmTryCompileExec1127347594.dir/link.txt --verbose=1
/usr/bin/cc       CMakeFiles/cmTryCompileExec1127347594.dir/CheckSymbolExists.c.o  -o cmTryCompileExec1127347594 -rdynamic 
CMakeFiles/cmTryCompileExec1127347594.dir/CheckSymbolExists.c.o: In function `main':
CheckSymbolExists.c:(.text+0x16): undefined reference to `pthread_create'
collect2: error: ld returned 1 exit status
make[1]: *** [cmTryCompileExec1127347594] Error 1
make[1]: Leaving directory `/home/mostafa/taherAhmadi/IranOpen2017/build/CMakeFiles/CMakeTmp'
make: *** [cmTryCompileExec1127347594/fast] Error 2

File /home/mostafa/taherAhmadi/IranOpen2017/build/CMakeFiles/CMakeTmp/CheckSymbolExists.c:
/* */
#include <pthread.h>

int main(int argc, char** argv)
{
  (void)argv;
#ifndef pthread_create
  return ((int*)(&pthread_create))[argc];
#else
  (void)argc;
  return 0;
#endif
}

Determining if the function pthread_create exists in the pthreads failed with the following output:
Change Dir: /home/mostafa/taherAhmadi/IranOpen2017/build/CMakeFiles/CMakeTmp

Run Build Command:/usr/bin/make "cmTryCompileExec1535596476/fast"
/usr/bin/make -f CMakeFiles/cmTryCompileExec1535596476.dir/build.make CMakeFiles/cmTryCompileExec1535596476.dir/build
make[1]: Entering directory `/home/mostafa/taherAhmadi/IranOpen2017/build/CMakeFiles/CMakeTmp'
/usr/bin/cmake -E cmake_progress_report /home/mostafa/taherAhmadi/IranOpen2017/build/CMakeFiles/CMakeTmp/CMakeFiles 1
Building C object CMakeFiles/cmTryCompileExec1535596476.dir/CheckFunctionExists.c.o
/usr/bin/cc   -DCHECK_FUNCTION_EXISTS=pthread_create   -o CMakeFiles/cmTryCompileExec1535596476.dir/CheckFunctionExists.c.o   -c /usr/share/cmake-2.8/Modules/CheckFunctionExists.c
Linking C executable cmTryCompileExec1535596476
/usr/bin/cmake -E cmake_link_script CMakeFiles/cmTryCompileExec1535596476.dir/link.txt --verbose=1
/usr/bin/cc   -DCHECK_FUNCTION_EXISTS=pthread_create    CMakeFiles/cmTryCompileExec1535596476.dir/CheckFunctionExists.c.o  -o cmTryCompileExec1535596476 -rdynamic -lpthreads 
/usr/bin/ld: cannot find -lpthreads
collect2: error: ld returned 1 exit status
make[1]: *** [cmTryCompileExec1535596476] Error 1
make[1]: Leaving directory `/home/mostafa/taherAhmadi/IranOpen2017/build/CMakeFiles/CMakeTmp'
make: *** [cmTryCompileExec1535596476/fast] Error 2


